# JRE version: OpenJDK Runtime Environment Temurin-17.0.4.1+1 (17.0.4.1+1) (build 17.0.4.1+1)
# Java VM: OpenJDK 64-Bit Server VM Temurin-17.0.4.1+1 (17.0.4.1+1, mixed mode, tiered, compressed oops, compressed class ptrs, g1 gc, windows-amd64)
GC Precious Log:
 CPUs: 8 total, 8 available
 Memory: 8029M
 Large Page Support: Disabled
 NUMA Support: Disabled
 Compressed Oops: Enabled (32-bit)
 Heap Region Size: 1M
 Heap Min Capacity: 8M
 Heap Initial Capacity: 126M
 Heap Max Capacity: 2008M
 Pre-touch: Disabled
 Parallel Workers: 8
 Concurrent Workers: 2
 Concurrent Refinement Workers: 8
 Periodic GC: Disabled
Heap:
 garbage-first heap   total 46080K, used 33848K [0x0000000082800000, 0x0000000100000000)
  region size 1024K, 10 young (10240K), 1 survivors (1024K)
 Metaspace       used 64172K, committed 64512K, reserved 1105920K
  class space    used 8208K, committed 8384K, reserved 1048576K
GC Heap History (20 events):
Event: 5.796 GC heap before
{Heap before GC invocations=9 (full 0):
 garbage-first heap   total 46080K, used 22957K [0x0000000082800000, 0x0000000100000000)
  region size 1024K, 10 young (10240K), 2 survivors (2048K)
 Metaspace       used 35865K, committed 36096K, reserved 1081344K
  class space    used 4256K, committed 4352K, reserved 1048576K
}
Event: 5.799 GC heap after
{Heap after GC invocations=10 (full 0):
 garbage-first heap   total 46080K, used 16467K [0x0000000082800000, 0x0000000100000000)
  region size 1024K, 2 young (2048K), 2 survivors (2048K)
 Metaspace       used 35865K, committed 36096K, reserved 1081344K
  class space    used 4256K, committed 4352K, reserved 1048576K
}
Event: 6.397 GC heap before
{Heap before GC invocations=11 (full 0):
 garbage-first heap   total 46080K, used 32851K [0x0000000082800000, 0x0000000100000000)
  region size 1024K, 19 young (19456K), 2 survivors (2048K)
 Metaspace       used 37830K, committed 38144K, reserved 1089536K
  class space    used 4563K, committed 4736K, reserved 1048576K
}
Event: 6.402 GC heap after
{Heap after GC invocations=12 (full 0):
 garbage-first heap   total 46080K, used 18001K [0x0000000082800000, 0x0000000100000000)
  region size 1024K, 3 young (3072K), 3 survivors (3072K)
 Metaspace       used 37830K, committed 38144K, reserved 1089536K
  class space    used 4563K, committed 4736K, reserved 1048576K
}
Event: 7.025 GC heap before
{Heap before GC invocations=12 (full 0):
 garbage-first heap   total 46080K, used 34385K [0x0000000082800000, 0x0000000100000000)
  region size 1024K, 19 young (19456K), 3 survivors (3072K)
 Metaspace       used 41988K, committed 42240K, reserved 1089536K
  class space    used 5165K, committed 5312K, reserved 1048576K
}
Event: 7.029 GC heap after
{Heap after GC invocations=13 (full 0):
 garbage-first heap   total 46080K, used 18966K [0x0000000082800000, 0x0000000100000000)
  region size 1024K, 3 young (3072K), 3 survivors (3072K)
 Metaspace       used 41988K, committed 42240K, reserved 1089536K
  class space    used 5165K, committed 5312K, reserved 1048576K
}
Event: 7.724 GC heap before
{Heap before GC invocations=13 (full 0):
 garbage-first heap   total 46080K, used 34326K [0x0000000082800000, 0x0000000100000000)
  region size 1024K, 19 young (19456K), 3 survivors (3072K)
 Metaspace       used 47184K, committed 47552K, reserved 1097728K
  class space    used 5891K, committed 6080K, reserved 1048576K
}
Event: 7.729 GC heap after
{Heap after GC invocations=14 (full 0):
 garbage-first heap   total 46080K, used 20927K [0x0000000082800000, 0x0000000100000000)
  region size 1024K, 3 young (3072K), 3 survivors (3072K)
 Metaspace       used 47184K, committed 47552K, reserved 1097728K
  class space    used 5891K, committed 6080K, reserved 1048576K
}
Event: 8.315 GC heap before
{Heap before GC invocations=14 (full 0):
 garbage-first heap   total 46080K, used 34239K [0x0000000082800000, 0x0000000100000000)
  region size 1024K, 17 young (17408K), 3 survivors (3072K)
 Metaspace       used 52315K, committed 52608K, reserved 1097728K
  class space    used 6536K, committed 6656K, reserved 1048576K
}
Event: 8.322 GC heap after
{Heap after GC invocations=15 (full 0):
 garbage-first heap   total 46080K, used 21968K [0x0000000082800000, 0x0000000100000000)
  region size 1024K, 2 young (2048K), 2 survivors (2048K)
 Metaspace       used 52315K, committed 52608K, reserved 1097728K
  class space    used 6536K, committed 6656K, reserved 1048576K
}
Event: 8.684 GC heap before
{Heap before GC invocations=15 (full 0):
 garbage-first heap   total 46080K, used 35280K [0x0000000082800000, 0x0000000100000000)
  region size 1024K, 15 young (15360K), 2 survivors (2048K)
 Metaspace       used 53818K, committed 54144K, reserved 1097728K
  class space    used 6726K, committed 6912K, reserved 1048576K
}
Event: 8.688 GC heap after
{Heap after GC invocations=16 (full 0):
 garbage-first heap   total 46080K, used 22559K [0x0000000082800000, 0x0000000100000000)
  region size 1024K, 2 young (2048K), 2 survivors (2048K)
 Metaspace       used 53818K, committed 54144K, reserved 1097728K
  class space    used 6726K, committed 6912K, reserved 1048576K
}
Event: 9.418 GC heap before
{Heap before GC invocations=17 (full 0):
 garbage-first heap   total 46080K, used 34847K [0x0000000082800000, 0x0000000100000000)
  region size 1024K, 15 young (15360K), 2 survivors (2048K)
 Metaspace       used 57172K, committed 57472K, reserved 1105920K
  class space    used 7285K, committed 7424K, reserved 1048576K
}
Event: 9.423 GC heap after
{Heap after GC invocations=18 (full 0):
 garbage-first heap   total 46080K, used 23180K [0x0000000082800000, 0x0000000100000000)
  region size 1024K, 2 young (2048K), 2 survivors (2048K)
 Metaspace       used 57172K, committed 57472K, reserved 1105920K
  class space    used 7285K, committed 7424K, reserved 1048576K
}
Event: 10.065 GC heap before
{Heap before GC invocations=18 (full 0):
 garbage-first heap   total 46080K, used 36492K [0x0000000082800000, 0x0000000100000000)
  region size 1024K, 15 young (15360K), 2 survivors (2048K)
 Metaspace       used 59672K, committed 60032K, reserved 1105920K
  class space    used 7627K, committed 7808K, reserved 1048576K
}
Event: 10.070 GC heap after
{Heap after GC invocations=19 (full 0):
 garbage-first heap   total 46080K, used 24049K [0x0000000082800000, 0x0000000100000000)
  region size 1024K, 2 young (2048K), 2 survivors (2048K)
 Metaspace       used 59672K, committed 60032K, reserved 1105920K
  class space    used 7627K, committed 7808K, reserved 1048576K
}
Event: 10.662 GC heap before
{Heap before GC invocations=20 (full 0):
 garbage-first heap   total 46080K, used 37361K [0x0000000082800000, 0x0000000100000000)
  region size 1024K, 15 young (15360K), 2 survivors (2048K)
 Metaspace       used 61756K, committed 62080K, reserved 1105920K
  class space    used 7920K, committed 8064K, reserved 1048576K
}
Event: 10.667 GC heap after
{Heap after GC invocations=21 (full 0):
 garbage-first heap   total 46080K, used 25104K [0x0000000082800000, 0x0000000100000000)
  region size 1024K, 2 young (2048K), 2 survivors (2048K)
 Metaspace       used 61756K, committed 62080K, reserved 1105920K
  class space    used 7920K, committed 8064K, reserved 1048576K
}
Event: 11.080 GC heap before
{Heap before GC invocations=21 (full 0):
 garbage-first heap   total 46080K, used 37392K [0x0000000082800000, 0x0000000100000000)
  region size 1024K, 14 young (14336K), 2 survivors (2048K)
 Metaspace       used 62855K, committed 63168K, reserved 1105920K
  class space    used 8054K, committed 8192K, reserved 1048576K
}
Event: 11.085 GC heap after
{Heap after GC invocations=22 (full 0):
 garbage-first heap   total 46080K, used 25656K [0x0000000082800000, 0x0000000100000000)
  region size 1024K, 1 young (1024K), 1 survivors (1024K)
 Metaspace       used 62855K, committed 63168K, reserved 1105920K
  class space    used 8054K, committed 8192K, reserved 1048576K
}

