# JRE version: Java(TM) SE Runtime Environment (18.0.1.1+2) (build 18.0.1.1+2-6)
# Java VM: Java HotSpot(TM) 64-Bit Server VM (18.0.1.1+2-6, mixed mode, sharing, tiered, compressed oops, compressed class ptrs, g1 gc, windows-amd64)
GC Precious Log:
 CardTable entry size: 512
 Card Set container configuration: InlinePtr #cards 5 size 8 Array Of Cards #cards 12 size 40 Howl #buckets 4 coarsen threshold 1843 Howl Bitmap #cards 512 size 80 coarsen threshold 460 Card regions per heap region 1 cards per card region 2048
 CPUs: 8 total, 8 available
 Memory: 8029M
 Large Page Support: Disabled
 NUMA Support: Disabled
 Compressed Oops: Enabled (32-bit)
 Heap Region Size: 1M
 Heap Min Capacity: 8M
 Heap Initial Capacity: 126M
 Heap Max Capacity: 2008M
 Pre-touch: Disabled
 Parallel Workers: 8
 Concurrent Workers: 2
 Concurrent Refinement Workers: 8
 Periodic GC: Disabled
Heap:
 garbage-first heap   total 149504K, used 87552K [0x0000000082800000, 0x0000000100000000)
  region size 1024K, 53 young (54272K), 3 survivors (3072K)
 Metaspace       used 26909K, committed 27328K, reserved 1114112K
  class space    used 2951K, committed 3136K, reserved 1048576K
GC Heap History (14 events):
Event: 1.398 GC heap before
{Heap before GC invocations=0 (full 0):
 garbage-first heap   total 129024K, used 23552K [0x0000000082800000, 0x0000000100000000)
  region size 1024K, 23 young (23552K), 0 survivors (0K)
 Metaspace       used 4914K, committed 5056K, reserved 1114112K
  class space    used 570K, committed 640K, reserved 1048576K
}
Event: 1.408 GC heap after
{Heap after GC invocations=1 (full 0):
 garbage-first heap   total 129024K, used 3691K [0x0000000082800000, 0x0000000100000000)
  region size 1024K, 3 young (3072K), 3 survivors (3072K)
 Metaspace       used 4914K, committed 5056K, reserved 1114112K
  class space    used 570K, committed 640K, reserved 1048576K
}
Event: 2.902 GC heap before
{Heap before GC invocations=1 (full 0):
 garbage-first heap   total 129024K, used 35435K [0x0000000082800000, 0x0000000100000000)
  region size 1024K, 34 young (34816K), 3 survivors (3072K)
 Metaspace       used 10818K, committed 11072K, reserved 1114112K
  class space    used 1285K, committed 1408K, reserved 1048576K
}
Event: 2.918 GC heap after
{Heap after GC invocations=2 (full 0):
 garbage-first heap   total 129024K, used 6589K [0x0000000082800000, 0x0000000100000000)
  region size 1024K, 3 young (3072K), 3 survivors (3072K)
 Metaspace       used 10818K, committed 11072K, reserved 1114112K
  class space    used 1285K, committed 1408K, reserved 1048576K
}
Event: 4.660 GC heap before
{Heap before GC invocations=2 (full 0):
 garbage-first heap   total 129024K, used 80317K [0x0000000082800000, 0x0000000100000000)
  region size 1024K, 75 young (76800K), 3 survivors (3072K)
 Metaspace       used 13119K, committed 13376K, reserved 1114112K
  class space    used 1449K, committed 1600K, reserved 1048576K
}
Event: 4.689 GC heap after
{Heap after GC invocations=3 (full 0):
 garbage-first heap   total 129024K, used 13826K [0x0000000082800000, 0x0000000100000000)
  region size 1024K, 10 young (10240K), 10 survivors (10240K)
 Metaspace       used 13119K, committed 13376K, reserved 1114112K
  class space    used 1449K, committed 1600K, reserved 1048576K
}
Event: 6.957 GC heap before
{Heap before GC invocations=3 (full 0):
 garbage-first heap   total 129024K, used 74242K [0x0000000082800000, 0x0000000100000000)
  region size 1024K, 69 young (70656K), 10 survivors (10240K)
 Metaspace       used 21143K, committed 21504K, reserved 1114112K
  class space    used 2355K, committed 2560K, reserved 1048576K
}
Event: 6.990 GC heap after
{Heap after GC invocations=4 (full 0):
 garbage-first heap   total 129024K, used 18079K [0x0000000082800000, 0x0000000100000000)
  region size 1024K, 6 young (6144K), 6 survivors (6144K)
 Metaspace       used 21143K, committed 21504K, reserved 1114112K
  class space    used 2355K, committed 2560K, reserved 1048576K
}
Event: 8.400 GC heap before
{Heap before GC invocations=5 (full 0):
 garbage-first heap   total 68608K, used 53919K [0x0000000082800000, 0x0000000100000000)
  region size 1024K, 40 young (40960K), 6 survivors (6144K)
 Metaspace       used 23013K, committed 23424K, reserved 1114112K
  class space    used 2540K, committed 2752K, reserved 1048576K
}
Event: 8.442 GC heap after
{Heap after GC invocations=6 (full 0):
 garbage-first heap   total 74752K, used 32927K [0x0000000082800000, 0x0000000100000000)
  region size 1024K, 5 young (5120K), 5 survivors (5120K)
 Metaspace       used 23013K, committed 23424K, reserved 1114112K
  class space    used 2540K, committed 2752K, reserved 1048576K
}
Event: 8.462 GC heap before
{Heap before GC invocations=6 (full 0):
 garbage-first heap   total 74752K, used 33951K [0x0000000082800000, 0x0000000100000000)
  region size 1024K, 6 young (6144K), 5 survivors (5120K)
 Metaspace       used 23030K, committed 23488K, reserved 1114112K
  class space    used 2540K, committed 2752K, reserved 1048576K
}
Event: 8.470 GC heap after
{Heap after GC invocations=7 (full 0):
 garbage-first heap   total 74752K, used 34652K [0x0000000082800000, 0x0000000100000000)
  region size 1024K, 1 young (1024K), 1 survivors (1024K)
 Metaspace       used 23030K, committed 23488K, reserved 1114112K
  class space    used 2540K, committed 2752K, reserved 1048576K
}
Event: 8.906 GC heap before
{Heap before GC invocations=7 (full 0):
 garbage-first heap   total 74752K, used 51036K [0x0000000082800000, 0x0000000100000000)
  region size 1024K, 18 young (18432K), 1 survivors (1024K)
 Metaspace       used 23555K, committed 23936K, reserved 1114112K
  class space    used 2578K, committed 2752K, reserved 1048576K
}
Event: 8.919 GC heap after
{Heap after GC invocations=8 (full 0):
 garbage-first heap   total 149504K, used 37376K [0x0000000082800000, 0x0000000100000000)
  region size 1024K, 3 young (3072K), 3 survivors (3072K)
 Metaspace       used 23555K, committed 23936K, reserved 1114112K
  class space    used 2578K, committed 2752K, reserved 1048576K
}

